INFO   [10:02:28.120] [Thread-14] o.e.j.s.AbstractConnector -  Stopped application@5c0e2ec{HTTP/1.1,[http/1.1]}{0.0.0.0:9185} 
INFO   [10:02:28.142] [Thread-14] o.e.j.s.AbstractConnector -  Stopped admin@4fa8bebb{HTTP/1.1,[http/1.1]}{0.0.0.0:9186} 
INFO   [10:02:28.149] [Thread-14] o.e.j.s.h.ContextHandler -  Stopped i.d.j.MutableServletContextHandler@2fca282c{/,null,UNAVAILABLE} 
INFO   [10:02:28.232] [Thread-14] o.e.j.s.h.ContextHandler -  Stopped i.d.j.MutableServletContextHandler@5f369fc6{/,null,UNAVAILABLE} 
INFO   [10:15:04.991] [main] o.e.j.u.log -  Logging initialized @1756ms 
INFO   [10:15:05.070] [main] i.d.s.DefaultServerFactory -  Registering jersey handler with root path prefix: / 
INFO   [10:15:05.070] [main] i.d.s.DefaultServerFactory -  Registering admin handler with root path prefix: / 
WARN   [10:15:11.339] [main] o.a.d.s.c.DefaultDirectoryService -  ApacheDS shutdown hook has NOT been registered with the runtime.  This default setting for standalone operation has been overriden. 
WARN   [10:15:14.194] [main] o.a.d.s.c.DefaultDirectoryService -  You didn't change the admin password of directory service instance 'SMARTPROXY51'.  Please update the admin password as soon as possible to prevent a possible security breach. 
INFO   [10:15:14.513] [main] c.p.s.c.EmbeddedConnector -  embedded connection pool created successfully 
WARN   [10:15:15.176] [NioProcessor-1] o.a.m.c.s.IoProcessor -  Create a new selector. Selected is 0, delta = 0 
INFO   [10:15:15.687] [main] c.p.s.c.BaseProxyConnector -  endpoint connectionpool to server : localhost at port 12389 created successfully 
INFO   [10:15:15.697] [main] c.p.s.c.BaseProxyConnector -  endpoint connectionpool to server : 192.168.99.100 at port 389 created successfully 
INFO   [10:15:15.938] [main] c.p.s.BootupApp -  hostname: localhost 
INFO   [10:15:15.939] [main] c.p.s.BootupApp -  PORT Id: 10389 
INFO   [10:15:15.939] [main] c.p.s.BootupApp -  started ApacheDS on port: 10389 
INFO   [10:15:15.939] [main] c.p.s.BootupApp -  system fully started now.... 
INFO   [10:15:15.939] [main] i.d.s.DefaultServerFactory -  Registering jersey handler with root path prefix: / 
INFO   [10:15:15.940] [main] i.d.s.DefaultServerFactory -  Registering admin handler with root path prefix: / 
INFO   [10:15:15.942] [main] i.d.s.ServerFactory -  Starting dropwizard-hibernate 
INFO   [10:15:16.081] [main] o.e.j.s.SetUIDListener -  Opened application@517fbf62{HTTP/1.1,[http/1.1]}{0.0.0.0:9185} 
INFO   [10:15:16.082] [main] o.e.j.s.SetUIDListener -  Opened admin@65db548{HTTP/1.1,[http/1.1]}{0.0.0.0:9186} 
INFO   [10:15:16.086] [main] o.e.j.s.Server -  jetty-9.3.z-SNAPSHOT 
INFO   [10:15:16.873] [main] i.d.j.DropwizardResourceConfig -  The following paths were found for the configured resources:

    GET     /v1/health (com.pers.smartproxy.HealthCheckResource)
 
INFO   [10:15:16.877] [main] o.e.j.s.h.ContextHandler -  Started i.d.j.MutableServletContextHandler@4a47bc9c{/,null,AVAILABLE} 
INFO   [10:15:16.885] [main] i.d.s.AdminEnvironment -  tasks = 

    POST    /tasks/log-level (io.dropwizard.servlets.tasks.LogConfigurationTask)
    POST    /tasks/gc (io.dropwizard.servlets.tasks.GarbageCollectionTask)
 
INFO   [10:15:16.890] [main] o.e.j.s.h.ContextHandler -  Started i.d.j.MutableServletContextHandler@7cbe3a05{/,null,AVAILABLE} 
INFO   [10:15:16.902] [main] o.e.j.s.AbstractConnector -  Started application@517fbf62{HTTP/1.1,[http/1.1]}{0.0.0.0:9185} 
INFO   [10:15:16.909] [main] o.e.j.s.AbstractConnector -  Started admin@65db548{HTTP/1.1,[http/1.1]}{0.0.0.0:9186} 
INFO   [10:15:16.910] [main] o.e.j.s.Server -  Started @13675ms 
INFO   [10:22:31.400] [Thread-14] o.e.j.s.AbstractConnector -  Stopped application@517fbf62{HTTP/1.1,[http/1.1]}{0.0.0.0:9185} 
INFO   [10:22:31.412] [Thread-14] o.e.j.s.AbstractConnector -  Stopped admin@65db548{HTTP/1.1,[http/1.1]}{0.0.0.0:9186} 
INFO   [10:22:31.426] [Thread-14] o.e.j.s.h.ContextHandler -  Stopped i.d.j.MutableServletContextHandler@7cbe3a05{/,null,UNAVAILABLE} 
INFO   [10:22:31.468] [Thread-14] o.e.j.s.h.ContextHandler -  Stopped i.d.j.MutableServletContextHandler@4a47bc9c{/,null,UNAVAILABLE} 
INFO   [10:23:12.851] [main] o.e.j.u.log -  Logging initialized @1867ms 
INFO   [10:23:13.023] [main] i.d.s.DefaultServerFactory -  Registering jersey handler with root path prefix: / 
INFO   [10:23:13.024] [main] i.d.s.DefaultServerFactory -  Registering admin handler with root path prefix: / 
WARN   [10:23:19.223] [main] o.a.d.s.c.DefaultDirectoryService -  ApacheDS shutdown hook has NOT been registered with the runtime.  This default setting for standalone operation has been overriden. 
WARN   [10:23:22.335] [main] o.a.d.s.c.DefaultDirectoryService -  You didn't change the admin password of directory service instance 'SMARTPROXY211'.  Please update the admin password as soon as possible to prevent a possible security breach. 
INFO   [10:23:22.757] [main] c.p.s.c.EmbeddedConnector -  embedded connection pool created successfully 
INFO   [10:23:24.556] [main] c.p.s.c.BaseProxyConnector -  endpoint connectionpool to server : localhost at port 12389 created successfully 
INFO   [10:23:24.568] [main] c.p.s.c.BaseProxyConnector -  endpoint connectionpool to server : 192.168.99.100 at port 389 created successfully 
INFO   [10:23:24.607] [main] c.p.s.BootupApp -  hostname: localhost 
INFO   [10:23:24.608] [main] c.p.s.BootupApp -  PORT Id: 10389 
INFO   [10:23:24.608] [main] c.p.s.BootupApp -  started ApacheDS on port: 10389 
INFO   [10:23:24.608] [main] c.p.s.BootupApp -  system fully started now.... 
INFO   [10:23:24.608] [main] i.d.s.DefaultServerFactory -  Registering jersey handler with root path prefix: / 
INFO   [10:23:24.608] [main] i.d.s.DefaultServerFactory -  Registering admin handler with root path prefix: / 
INFO   [10:23:24.612] [main] i.d.s.ServerFactory -  Starting dropwizard-hibernate 
INFO   [10:23:24.743] [main] o.e.j.s.SetUIDListener -  Opened application@7ff09659{HTTP/1.1,[http/1.1]}{0.0.0.0:9185} 
INFO   [10:23:24.743] [main] o.e.j.s.SetUIDListener -  Opened admin@517fbf62{HTTP/1.1,[http/1.1]}{0.0.0.0:9186} 
INFO   [10:23:24.747] [main] o.e.j.s.Server -  jetty-9.3.z-SNAPSHOT 
INFO   [10:23:25.597] [main] i.d.j.DropwizardResourceConfig -  The following paths were found for the configured resources:

    GET     /v1/health (com.pers.smartproxy.HealthCheckResource)
 
INFO   [10:23:25.602] [main] o.e.j.s.h.ContextHandler -  Started i.d.j.MutableServletContextHandler@1ce6a9bd{/,null,AVAILABLE} 
INFO   [10:23:25.608] [main] i.d.s.AdminEnvironment -  tasks = 

    POST    /tasks/log-level (io.dropwizard.servlets.tasks.LogConfigurationTask)
    POST    /tasks/gc (io.dropwizard.servlets.tasks.GarbageCollectionTask)
 
INFO   [10:23:25.614] [main] o.e.j.s.h.ContextHandler -  Started i.d.j.MutableServletContextHandler@1aaaabd1{/,null,AVAILABLE} 
INFO   [10:23:25.624] [main] o.e.j.s.AbstractConnector -  Started application@7ff09659{HTTP/1.1,[http/1.1]}{0.0.0.0:9185} 
INFO   [10:23:25.630] [main] o.e.j.s.AbstractConnector -  Started admin@517fbf62{HTTP/1.1,[http/1.1]}{0.0.0.0:9186} 
INFO   [10:23:25.630] [main] o.e.j.s.Server -  Started @14649ms 
INFO   [10:36:05.922] [Thread-14] o.e.j.s.AbstractConnector -  Stopped application@7ff09659{HTTP/1.1,[http/1.1]}{0.0.0.0:9185} 
INFO   [10:36:05.931] [Thread-14] o.e.j.s.AbstractConnector -  Stopped admin@517fbf62{HTTP/1.1,[http/1.1]}{0.0.0.0:9186} 
INFO   [10:36:05.937] [Thread-14] o.e.j.s.h.ContextHandler -  Stopped i.d.j.MutableServletContextHandler@1aaaabd1{/,null,UNAVAILABLE} 
INFO   [10:36:05.993] [Thread-14] o.e.j.s.h.ContextHandler -  Stopped i.d.j.MutableServletContextHandler@1ce6a9bd{/,null,UNAVAILABLE} 
INFO   [10:38:38.538] [main] o.e.j.u.log -  Logging initialized @1724ms 
INFO   [10:38:38.614] [main] i.d.s.DefaultServerFactory -  Registering jersey handler with root path prefix: / 
INFO   [10:38:38.614] [main] i.d.s.DefaultServerFactory -  Registering admin handler with root path prefix: / 
WARN   [10:38:44.634] [main] o.a.d.s.c.DefaultDirectoryService -  ApacheDS shutdown hook has NOT been registered with the runtime.  This default setting for standalone operation has been overriden. 
WARN   [10:38:48.030] [main] o.a.d.s.c.DefaultDirectoryService -  You didn't change the admin password of directory service instance 'SMARTPROXY371'.  Please update the admin password as soon as possible to prevent a possible security breach. 
INFO   [10:38:48.415] [main] c.p.s.c.EmbeddedConnector -  embedded connection pool created successfully 
INFO   [10:38:50.459] [main] c.p.s.c.BaseProxyConnector -  endpoint connectionpool to server : localhost at port 12389 created successfully 
INFO   [10:38:50.471] [main] c.p.s.c.BaseProxyConnector -  endpoint connectionpool to server : 192.168.99.100 at port 389 created successfully 
INFO   [10:38:50.519] [main] c.p.s.BootupApp -  hostname: localhost 
INFO   [10:38:50.519] [main] c.p.s.BootupApp -  PORT Id: 10389 
INFO   [10:38:50.519] [main] c.p.s.BootupApp -  started ApacheDS on port: 10389 
INFO   [10:38:50.519] [main] c.p.s.BootupApp -  system fully started now.... 
INFO   [10:38:50.519] [main] i.d.s.DefaultServerFactory -  Registering jersey handler with root path prefix: / 
INFO   [10:38:50.519] [main] i.d.s.DefaultServerFactory -  Registering admin handler with root path prefix: / 
INFO   [10:38:50.523] [main] i.d.s.ServerFactory -  Starting dropwizard-hibernate 
INFO   [10:38:50.646] [main] o.e.j.s.SetUIDListener -  Opened application@7ff09659{HTTP/1.1,[http/1.1]}{0.0.0.0:9185} 
INFO   [10:38:50.647] [main] o.e.j.s.SetUIDListener -  Opened admin@517fbf62{HTTP/1.1,[http/1.1]}{0.0.0.0:9186} 
INFO   [10:38:50.649] [main] o.e.j.s.Server -  jetty-9.3.z-SNAPSHOT 
INFO   [10:38:51.570] [main] i.d.j.DropwizardResourceConfig -  The following paths were found for the configured resources:

    GET     /v1/health (com.pers.smartproxy.HealthCheckResource)
 
INFO   [10:38:51.578] [main] o.e.j.s.h.ContextHandler -  Started i.d.j.MutableServletContextHandler@1ce6a9bd{/,null,AVAILABLE} 
INFO   [10:38:51.587] [main] i.d.s.AdminEnvironment -  tasks = 

    POST    /tasks/log-level (io.dropwizard.servlets.tasks.LogConfigurationTask)
    POST    /tasks/gc (io.dropwizard.servlets.tasks.GarbageCollectionTask)
 
INFO   [10:38:51.592] [main] o.e.j.s.h.ContextHandler -  Started i.d.j.MutableServletContextHandler@1aaaabd1{/,null,AVAILABLE} 
INFO   [10:38:51.601] [main] o.e.j.s.AbstractConnector -  Started application@7ff09659{HTTP/1.1,[http/1.1]}{0.0.0.0:9185} 
INFO   [10:38:51.606] [main] o.e.j.s.AbstractConnector -  Started admin@517fbf62{HTTP/1.1,[http/1.1]}{0.0.0.0:9186} 
INFO   [10:38:51.607] [main] o.e.j.s.Server -  Started @14795ms 
WARN   [10:43:36.214] [NioProcessor-2] o.a.m.c.s.IoProcessor -  Create a new selector. Selected is 0, delta = 0 
INFO   [10:46:57.687] [Thread-14] o.e.j.s.AbstractConnector -  Stopped application@7ff09659{HTTP/1.1,[http/1.1]}{0.0.0.0:9185} 
INFO   [10:46:57.696] [Thread-14] o.e.j.s.AbstractConnector -  Stopped admin@517fbf62{HTTP/1.1,[http/1.1]}{0.0.0.0:9186} 
INFO   [10:46:57.702] [Thread-14] o.e.j.s.h.ContextHandler -  Stopped i.d.j.MutableServletContextHandler@1aaaabd1{/,null,UNAVAILABLE} 
INFO   [10:46:57.764] [Thread-14] o.e.j.s.h.ContextHandler -  Stopped i.d.j.MutableServletContextHandler@1ce6a9bd{/,null,UNAVAILABLE} 
INFO   [10:48:26.807] [main] o.e.j.u.log -  Logging initialized @1666ms 
INFO   [10:48:26.881] [main] i.d.s.DefaultServerFactory -  Registering jersey handler with root path prefix: / 
INFO   [10:48:26.881] [main] i.d.s.DefaultServerFactory -  Registering admin handler with root path prefix: / 
WARN   [10:48:31.254] [main] o.a.d.s.c.DefaultDirectoryService -  ApacheDS shutdown hook has NOT been registered with the runtime.  This default setting for standalone operation has been overriden. 
WARN   [10:48:34.099] [main] o.a.d.s.c.DefaultDirectoryService -  You didn't change the admin password of directory service instance 'SMARTPROXY211'.  Please update the admin password as soon as possible to prevent a possible security breach. 
INFO   [10:48:34.422] [main] c.p.s.c.EmbeddedConnector -  embedded connection pool created successfully 
INFO   [10:48:36.446] [main] c.p.s.c.BaseProxyConnector -  endpoint connectionpool to server : localhost at port 12389 created successfully 
INFO   [10:48:36.460] [main] c.p.s.c.BaseProxyConnector -  endpoint connectionpool to server : 192.168.99.100 at port 389 created successfully 
INFO   [10:48:36.507] [main] c.p.s.BootupApp -  hostname: localhost 
INFO   [10:48:36.508] [main] c.p.s.BootupApp -  PORT Id: 10389 
INFO   [10:48:36.508] [main] c.p.s.BootupApp -  started ApacheDS on port: 10389 
INFO   [10:48:36.508] [main] c.p.s.BootupApp -  system fully started now.... 
INFO   [10:48:36.509] [main] i.d.s.DefaultServerFactory -  Registering jersey handler with root path prefix: / 
INFO   [10:48:36.509] [main] i.d.s.DefaultServerFactory -  Registering admin handler with root path prefix: / 
INFO   [10:48:36.512] [main] i.d.s.ServerFactory -  Starting dropwizard-hibernate 
INFO   [10:48:36.654] [main] o.e.j.s.SetUIDListener -  Opened application@72a3462f{HTTP/1.1,[http/1.1]}{0.0.0.0:9185} 
INFO   [10:48:36.655] [main] o.e.j.s.SetUIDListener -  Opened admin@4ffa7041{HTTP/1.1,[http/1.1]}{0.0.0.0:9186} 
INFO   [10:48:36.657] [main] o.e.j.s.Server -  jetty-9.3.z-SNAPSHOT 
INFO   [10:48:37.474] [main] i.d.j.DropwizardResourceConfig -  The following paths were found for the configured resources:

    GET     /v1/health (com.pers.smartproxy.HealthCheckResource)
 
INFO   [10:48:37.477] [main] o.e.j.s.h.ContextHandler -  Started i.d.j.MutableServletContextHandler@38394dc3{/,null,AVAILABLE} 
INFO   [10:48:37.486] [main] i.d.s.AdminEnvironment -  tasks = 

    POST    /tasks/log-level (io.dropwizard.servlets.tasks.LogConfigurationTask)
    POST    /tasks/gc (io.dropwizard.servlets.tasks.GarbageCollectionTask)
 
INFO   [10:48:37.492] [main] o.e.j.s.h.ContextHandler -  Started i.d.j.MutableServletContextHandler@84a9f65{/,null,AVAILABLE} 
INFO   [10:48:37.502] [main] o.e.j.s.AbstractConnector -  Started application@72a3462f{HTTP/1.1,[http/1.1]}{0.0.0.0:9185} 
INFO   [10:48:37.507] [main] o.e.j.s.AbstractConnector -  Started admin@4ffa7041{HTTP/1.1,[http/1.1]}{0.0.0.0:9186} 
INFO   [10:48:37.507] [main] o.e.j.s.Server -  Started @12366ms 
WARN   [10:50:18.282] [NioProcessor-1] o.a.d.s.l.LdapProtocolHandler -  Unexpected exception forcing session to close: sending disconnect notice to client. 
java.io.IOException: An existing connection was forcibly closed by the remote host
	at sun.nio.ch.SocketDispatcher.read0(Native Method)
	at sun.nio.ch.SocketDispatcher.read(Unknown Source)
	at sun.nio.ch.IOUtil.readIntoNativeBuffer(Unknown Source)
	at sun.nio.ch.IOUtil.read(Unknown Source)
	at sun.nio.ch.SocketChannelImpl.read(Unknown Source)
	at org.apache.mina.transport.socket.nio.NioProcessor.read(NioProcessor.java:312)
	at org.apache.mina.transport.socket.nio.NioProcessor.read(NioProcessor.java:45)
	at org.apache.mina.core.polling.AbstractPollingIoProcessor.read(AbstractPollingIoProcessor.java:677)
	at org.apache.mina.core.polling.AbstractPollingIoProcessor.process(AbstractPollingIoProcessor.java:651)
	at org.apache.mina.core.polling.AbstractPollingIoProcessor.process(AbstractPollingIoProcessor.java:640)
	at org.apache.mina.core.polling.AbstractPollingIoProcessor.access$600(AbstractPollingIoProcessor.java:68)
	at org.apache.mina.core.polling.AbstractPollingIoProcessor$Processor.run(AbstractPollingIoProcessor.java:1097)
	at org.apache.mina.util.NamePreservingRunnable.run(NamePreservingRunnable.java:64)
	at java.util.concurrent.ThreadPoolExecutor.runWorker(Unknown Source)
	at java.util.concurrent.ThreadPoolExecutor$Worker.run(Unknown Source)
	at java.lang.Thread.run(Unknown Source)
INFO   [10:50:21.007] [Thread-14] o.e.j.s.AbstractConnector -  Stopped application@72a3462f{HTTP/1.1,[http/1.1]}{0.0.0.0:9185} 
INFO   [10:50:21.016] [Thread-14] o.e.j.s.AbstractConnector -  Stopped admin@4ffa7041{HTTP/1.1,[http/1.1]}{0.0.0.0:9186} 
INFO   [10:50:21.020] [Thread-14] o.e.j.s.h.ContextHandler -  Stopped i.d.j.MutableServletContextHandler@84a9f65{/,null,UNAVAILABLE} 
INFO   [10:50:21.054] [Thread-14] o.e.j.s.h.ContextHandler -  Stopped i.d.j.MutableServletContextHandler@38394dc3{/,null,UNAVAILABLE} 
INFO   [11:04:28.025] [main] o.e.j.u.log -  Logging initialized @1696ms 
INFO   [11:04:28.118] [main] i.d.s.DefaultServerFactory -  Registering jersey handler with root path prefix: / 
INFO   [11:04:28.118] [main] i.d.s.DefaultServerFactory -  Registering admin handler with root path prefix: / 
WARN   [11:04:32.533] [main] o.a.d.s.c.DefaultDirectoryService -  ApacheDS shutdown hook has NOT been registered with the runtime.  This default setting for standalone operation has been overriden. 
WARN   [11:04:35.292] [main] o.a.d.s.c.DefaultDirectoryService -  You didn't change the admin password of directory service instance 'SMARTPROXY471'.  Please update the admin password as soon as possible to prevent a possible security breach. 
INFO   [11:04:35.602] [main] c.p.s.c.EmbeddedConnector -  embedded connection pool created successfully 
WARN   [11:04:36.317] [NioProcessor-1] o.a.m.c.s.IoProcessor -  Create a new selector. Selected is 0, delta = 0 
WARN   [11:04:37.226] [NioProcessor-1] o.a.m.c.s.IoProcessor -  Create a new selector. Selected is 0, delta = 0 
INFO   [11:04:37.507] [main] c.p.s.c.BaseProxyConnector -  endpoint connectionpool to server : localhost at port 12389 created successfully 
INFO   [11:04:37.520] [main] c.p.s.c.BaseProxyConnector -  endpoint connectionpool to server : 192.168.99.100 at port 389 created successfully 
WARN   [11:04:37.529] [NioProcessor-2] o.a.m.c.s.IoProcessor -  Create a new selector. Selected is 0, delta = 0 
INFO   [11:04:37.564] [main] c.p.s.BootupApp -  hostname: localhost 
INFO   [11:04:37.564] [main] c.p.s.BootupApp -  PORT Id: 10389 
INFO   [11:04:37.564] [main] c.p.s.BootupApp -  started ApacheDS on port: 10389 
INFO   [11:04:37.564] [main] c.p.s.BootupApp -  system fully started now.... 
INFO   [11:04:37.564] [main] i.d.s.DefaultServerFactory -  Registering jersey handler with root path prefix: / 
INFO   [11:04:37.565] [main] i.d.s.DefaultServerFactory -  Registering admin handler with root path prefix: / 
INFO   [11:04:37.569] [main] i.d.s.ServerFactory -  Starting dropwizard-hibernate 
INFO   [11:04:37.695] [main] o.e.j.s.SetUIDListener -  Opened application@4ffa7041{HTTP/1.1,[http/1.1]}{0.0.0.0:9185} 
INFO   [11:04:37.695] [main] o.e.j.s.SetUIDListener -  Opened admin@632c3f55{HTTP/1.1,[http/1.1]}{0.0.0.0:9186} 
INFO   [11:04:37.699] [main] o.e.j.s.Server -  jetty-9.3.z-SNAPSHOT 
INFO   [11:04:38.487] [main] i.d.j.DropwizardResourceConfig -  The following paths were found for the configured resources:

    GET     /v1/health (com.pers.smartproxy.HealthCheckResource)
 
INFO   [11:04:38.490] [main] o.e.j.s.h.ContextHandler -  Started i.d.j.MutableServletContextHandler@2cacd55e{/,null,AVAILABLE} 
INFO   [11:04:38.498] [main] i.d.s.AdminEnvironment -  tasks = 

    POST    /tasks/log-level (io.dropwizard.servlets.tasks.LogConfigurationTask)
    POST    /tasks/gc (io.dropwizard.servlets.tasks.GarbageCollectionTask)
 
INFO   [11:04:38.507] [main] o.e.j.s.h.ContextHandler -  Started i.d.j.MutableServletContextHandler@70700b8a{/,null,AVAILABLE} 
INFO   [11:04:38.519] [main] o.e.j.s.AbstractConnector -  Started application@4ffa7041{HTTP/1.1,[http/1.1]}{0.0.0.0:9185} 
INFO   [11:04:38.524] [main] o.e.j.s.AbstractConnector -  Started admin@632c3f55{HTTP/1.1,[http/1.1]}{0.0.0.0:9186} 
INFO   [11:04:38.524] [main] o.e.j.s.Server -  Started @12197ms 
WARN   [11:07:53.790] [NioProcessor-3] o.a.d.s.l.LdapProtocolHandler -  Unexpected exception forcing session to close: sending disconnect notice to client. 
java.io.IOException: An existing connection was forcibly closed by the remote host
	at sun.nio.ch.SocketDispatcher.read0(Native Method)
	at sun.nio.ch.SocketDispatcher.read(Unknown Source)
	at sun.nio.ch.IOUtil.readIntoNativeBuffer(Unknown Source)
	at sun.nio.ch.IOUtil.read(Unknown Source)
	at sun.nio.ch.SocketChannelImpl.read(Unknown Source)
	at org.apache.mina.transport.socket.nio.NioProcessor.read(NioProcessor.java:312)
	at org.apache.mina.transport.socket.nio.NioProcessor.read(NioProcessor.java:45)
	at org.apache.mina.core.polling.AbstractPollingIoProcessor.read(AbstractPollingIoProcessor.java:677)
	at org.apache.mina.core.polling.AbstractPollingIoProcessor.process(AbstractPollingIoProcessor.java:651)
	at org.apache.mina.core.polling.AbstractPollingIoProcessor.process(AbstractPollingIoProcessor.java:640)
	at org.apache.mina.core.polling.AbstractPollingIoProcessor.access$600(AbstractPollingIoProcessor.java:68)
	at org.apache.mina.core.polling.AbstractPollingIoProcessor$Processor.run(AbstractPollingIoProcessor.java:1097)
	at org.apache.mina.util.NamePreservingRunnable.run(NamePreservingRunnable.java:64)
	at java.util.concurrent.ThreadPoolExecutor.runWorker(Unknown Source)
	at java.util.concurrent.ThreadPoolExecutor$Worker.run(Unknown Source)
	at java.lang.Thread.run(Unknown Source)
INFO   [11:13:20.874] [Thread-14] o.e.j.s.AbstractConnector -  Stopped application@4ffa7041{HTTP/1.1,[http/1.1]}{0.0.0.0:9185} 
INFO   [11:13:20.882] [Thread-14] o.e.j.s.AbstractConnector -  Stopped admin@632c3f55{HTTP/1.1,[http/1.1]}{0.0.0.0:9186} 
INFO   [11:13:20.887] [Thread-14] o.e.j.s.h.ContextHandler -  Stopped i.d.j.MutableServletContextHandler@70700b8a{/,null,UNAVAILABLE} 
INFO   [11:13:20.928] [Thread-14] o.e.j.s.h.ContextHandler -  Stopped i.d.j.MutableServletContextHandler@2cacd55e{/,null,UNAVAILABLE} 
INFO   [11:14:11.309] [main] o.e.j.u.log -  Logging initialized @1682ms 
INFO   [11:14:11.389] [main] i.d.s.DefaultServerFactory -  Registering jersey handler with root path prefix: / 
INFO   [11:14:11.389] [main] i.d.s.DefaultServerFactory -  Registering admin handler with root path prefix: / 
WARN   [11:14:15.991] [main] o.a.d.s.c.DefaultDirectoryService -  ApacheDS shutdown hook has NOT been registered with the runtime.  This default setting for standalone operation has been overriden. 
WARN   [11:14:18.954] [main] o.a.d.s.c.DefaultDirectoryService -  You didn't change the admin password of directory service instance 'SMARTPROXY441'.  Please update the admin password as soon as possible to prevent a possible security breach. 
INFO   [11:14:19.272] [main] c.p.s.c.EmbeddedConnector -  embedded connection pool created successfully 
INFO   [11:14:20.916] [main] c.p.s.c.BaseProxyConnector -  endpoint connectionpool to server : localhost at port 12389 created successfully 
INFO   [11:14:20.932] [main] c.p.s.c.BaseProxyConnector -  endpoint connectionpool to server : 192.168.99.100 at port 389 created successfully 
INFO   [11:14:21.212] [main] c.p.s.BootupApp -  hostname: localhost 
INFO   [11:14:21.212] [main] c.p.s.BootupApp -  PORT Id: 10389 
INFO   [11:14:21.212] [main] c.p.s.BootupApp -  started ApacheDS on port: 10389 
INFO   [11:14:21.212] [main] c.p.s.BootupApp -  system fully started now.... 
INFO   [11:14:21.212] [main] i.d.s.DefaultServerFactory -  Registering jersey handler with root path prefix: / 
INFO   [11:14:21.212] [main] i.d.s.DefaultServerFactory -  Registering admin handler with root path prefix: / 
INFO   [11:14:21.216] [main] i.d.s.ServerFactory -  Starting dropwizard-hibernate 
INFO   [11:14:21.355] [main] o.e.j.s.SetUIDListener -  Opened application@517fbf62{HTTP/1.1,[http/1.1]}{0.0.0.0:9185} 
INFO   [11:14:21.356] [main] o.e.j.s.SetUIDListener -  Opened admin@65db548{HTTP/1.1,[http/1.1]}{0.0.0.0:9186} 
INFO   [11:14:21.360] [main] o.e.j.s.Server -  jetty-9.3.z-SNAPSHOT 
INFO   [11:14:22.162] [main] i.d.j.DropwizardResourceConfig -  The following paths were found for the configured resources:

    GET     /v1/health (com.pers.smartproxy.HealthCheckResource)
 
INFO   [11:14:22.164] [main] o.e.j.s.h.ContextHandler -  Started i.d.j.MutableServletContextHandler@4a47bc9c{/,null,AVAILABLE} 
INFO   [11:14:22.171] [main] i.d.s.AdminEnvironment -  tasks = 

    POST    /tasks/log-level (io.dropwizard.servlets.tasks.LogConfigurationTask)
    POST    /tasks/gc (io.dropwizard.servlets.tasks.GarbageCollectionTask)
 
INFO   [11:14:22.176] [main] o.e.j.s.h.ContextHandler -  Started i.d.j.MutableServletContextHandler@7cbe3a05{/,null,AVAILABLE} 
INFO   [11:14:22.187] [main] o.e.j.s.AbstractConnector -  Started application@517fbf62{HTTP/1.1,[http/1.1]}{0.0.0.0:9185} 
INFO   [11:14:22.192] [main] o.e.j.s.AbstractConnector -  Started admin@65db548{HTTP/1.1,[http/1.1]}{0.0.0.0:9186} 
INFO   [11:14:22.192] [main] o.e.j.s.Server -  Started @12566ms 
INFO   [11:21:38.834] [Thread-14] o.e.j.s.AbstractConnector -  Stopped application@517fbf62{HTTP/1.1,[http/1.1]}{0.0.0.0:9185} 
INFO   [11:21:38.843] [Thread-14] o.e.j.s.AbstractConnector -  Stopped admin@65db548{HTTP/1.1,[http/1.1]}{0.0.0.0:9186} 
INFO   [11:21:38.845] [Thread-14] o.e.j.s.h.ContextHandler -  Stopped i.d.j.MutableServletContextHandler@7cbe3a05{/,null,UNAVAILABLE} 
INFO   [11:21:38.878] [Thread-14] o.e.j.s.h.ContextHandler -  Stopped i.d.j.MutableServletContextHandler@4a47bc9c{/,null,UNAVAILABLE} 
INFO   [11:22:18.412] [main] o.e.j.u.log -  Logging initialized @1716ms 
INFO   [11:22:18.501] [main] i.d.s.DefaultServerFactory -  Registering jersey handler with root path prefix: / 
INFO   [11:22:18.501] [main] i.d.s.DefaultServerFactory -  Registering admin handler with root path prefix: / 
WARN   [11:22:21.532] [main] o.a.d.s.c.DefaultDirectoryService -  ApacheDS shutdown hook has NOT been registered with the runtime.  This default setting for standalone operation has been overriden. 
WARN   [11:22:24.310] [main] o.a.d.s.c.DefaultDirectoryService -  You didn't change the admin password of directory service instance 'SMARTPROXY361'.  Please update the admin password as soon as possible to prevent a possible security breach. 
INFO   [11:22:24.626] [main] c.p.s.c.EmbeddedConnector -  embedded connection pool created successfully 
INFO   [11:22:25.755] [main] c.p.s.c.BaseProxyConnector -  endpoint connectionpool to server : localhost at port 12389 created successfully 
INFO   [11:22:25.772] [main] c.p.s.c.BaseProxyConnector -  endpoint connectionpool to server : 192.168.99.100 at port 389 created successfully 
INFO   [11:22:26.046] [main] c.p.s.BootupApp -  hostname: localhost 
INFO   [11:22:26.046] [main] c.p.s.BootupApp -  PORT Id: 10389 
INFO   [11:22:26.046] [main] c.p.s.BootupApp -  started ApacheDS on port: 10389 
INFO   [11:22:26.046] [main] c.p.s.BootupApp -  system fully started now.... 
INFO   [11:22:26.047] [main] i.d.s.DefaultServerFactory -  Registering jersey handler with root path prefix: / 
INFO   [11:22:26.047] [main] i.d.s.DefaultServerFactory -  Registering admin handler with root path prefix: / 
INFO   [11:22:26.050] [main] i.d.s.ServerFactory -  Starting dropwizard-hibernate 
INFO   [11:22:26.178] [main] o.e.j.s.SetUIDListener -  Opened application@5c0e2ec{HTTP/1.1,[http/1.1]}{0.0.0.0:9185} 
INFO   [11:22:26.179] [main] o.e.j.s.SetUIDListener -  Opened admin@4fa8bebb{HTTP/1.1,[http/1.1]}{0.0.0.0:9186} 
INFO   [11:22:26.181] [main] o.e.j.s.Server -  jetty-9.3.z-SNAPSHOT 
INFO   [11:22:27.011] [main] i.d.j.DropwizardResourceConfig -  The following paths were found for the configured resources:

    GET     /v1/health (com.pers.smartproxy.HealthCheckResource)
 
INFO   [11:22:27.015] [main] o.e.j.s.h.ContextHandler -  Started i.d.j.MutableServletContextHandler@5f369fc6{/,null,AVAILABLE} 
INFO   [11:22:27.022] [main] i.d.s.AdminEnvironment -  tasks = 

    POST    /tasks/log-level (io.dropwizard.servlets.tasks.LogConfigurationTask)
    POST    /tasks/gc (io.dropwizard.servlets.tasks.GarbageCollectionTask)
 
INFO   [11:22:27.027] [main] o.e.j.s.h.ContextHandler -  Started i.d.j.MutableServletContextHandler@2fca282c{/,null,AVAILABLE} 
INFO   [11:22:27.039] [main] o.e.j.s.AbstractConnector -  Started application@5c0e2ec{HTTP/1.1,[http/1.1]}{0.0.0.0:9185} 
INFO   [11:22:27.044] [main] o.e.j.s.AbstractConnector -  Started admin@4fa8bebb{HTTP/1.1,[http/1.1]}{0.0.0.0:9186} 
INFO   [11:22:27.044] [main] o.e.j.s.Server -  Started @10350ms 
WARN   [11:23:39.366] [NioProcessor-1] o.a.d.s.l.LdapProtocolHandler -  Unexpected exception forcing session to close: sending disconnect notice to client. 
java.io.IOException: An existing connection was forcibly closed by the remote host
	at sun.nio.ch.SocketDispatcher.read0(Native Method)
	at sun.nio.ch.SocketDispatcher.read(Unknown Source)
	at sun.nio.ch.IOUtil.readIntoNativeBuffer(Unknown Source)
	at sun.nio.ch.IOUtil.read(Unknown Source)
	at sun.nio.ch.SocketChannelImpl.read(Unknown Source)
	at org.apache.mina.transport.socket.nio.NioProcessor.read(NioProcessor.java:312)
	at org.apache.mina.transport.socket.nio.NioProcessor.read(NioProcessor.java:45)
	at org.apache.mina.core.polling.AbstractPollingIoProcessor.read(AbstractPollingIoProcessor.java:677)
	at org.apache.mina.core.polling.AbstractPollingIoProcessor.process(AbstractPollingIoProcessor.java:651)
	at org.apache.mina.core.polling.AbstractPollingIoProcessor.process(AbstractPollingIoProcessor.java:640)
	at org.apache.mina.core.polling.AbstractPollingIoProcessor.access$600(AbstractPollingIoProcessor.java:68)
	at org.apache.mina.core.polling.AbstractPollingIoProcessor$Processor.run(AbstractPollingIoProcessor.java:1097)
	at org.apache.mina.util.NamePreservingRunnable.run(NamePreservingRunnable.java:64)
	at java.util.concurrent.ThreadPoolExecutor.runWorker(Unknown Source)
	at java.util.concurrent.ThreadPoolExecutor$Worker.run(Unknown Source)
	at java.lang.Thread.run(Unknown Source)
INFO   [11:24:00.399] [Thread-14] o.e.j.s.AbstractConnector -  Stopped application@5c0e2ec{HTTP/1.1,[http/1.1]}{0.0.0.0:9185} 
INFO   [11:24:00.407] [Thread-14] o.e.j.s.AbstractConnector -  Stopped admin@4fa8bebb{HTTP/1.1,[http/1.1]}{0.0.0.0:9186} 
INFO   [11:24:00.412] [Thread-14] o.e.j.s.h.ContextHandler -  Stopped i.d.j.MutableServletContextHandler@2fca282c{/,null,UNAVAILABLE} 
INFO   [11:24:00.447] [Thread-14] o.e.j.s.h.ContextHandler -  Stopped i.d.j.MutableServletContextHandler@5f369fc6{/,null,UNAVAILABLE} 
INFO   [11:24:04.534] [main] o.e.j.u.log -  Logging initialized @2337ms 
INFO   [11:24:04.676] [main] i.d.s.DefaultServerFactory -  Registering jersey handler with root path prefix: / 
INFO   [11:24:04.676] [main] i.d.s.DefaultServerFactory -  Registering admin handler with root path prefix: / 
WARN   [11:24:09.587] [main] o.a.d.s.c.DefaultDirectoryService -  ApacheDS shutdown hook has NOT been registered with the runtime.  This default setting for standalone operation has been overriden. 
WARN   [11:24:12.461] [main] o.a.d.s.c.DefaultDirectoryService -  You didn't change the admin password of directory service instance 'SMARTPROXY341'.  Please update the admin password as soon as possible to prevent a possible security breach. 
INFO   [11:24:12.799] [main] c.p.s.c.EmbeddedConnector -  embedded connection pool created successfully 
INFO   [11:24:14.720] [main] c.p.s.c.BaseProxyConnector -  endpoint connectionpool to server : localhost at port 12389 created successfully 
INFO   [11:24:14.732] [main] c.p.s.c.BaseProxyConnector -  endpoint connectionpool to server : 192.168.99.100 at port 389 created successfully 
INFO   [11:24:14.781] [main] c.p.s.BootupApp -  hostname: localhost 
INFO   [11:24:14.781] [main] c.p.s.BootupApp -  PORT Id: 10389 
INFO   [11:24:14.781] [main] c.p.s.BootupApp -  started ApacheDS on port: 10389 
INFO   [11:24:14.781] [main] c.p.s.BootupApp -  system fully started now.... 
INFO   [11:24:14.781] [main] i.d.s.DefaultServerFactory -  Registering jersey handler with root path prefix: / 
INFO   [11:24:14.781] [main] i.d.s.DefaultServerFactory -  Registering admin handler with root path prefix: / 
INFO   [11:24:14.786] [main] i.d.s.ServerFactory -  Starting dropwizard-hibernate 
INFO   [11:24:14.927] [main] o.e.j.s.SetUIDListener -  Opened application@72a3462f{HTTP/1.1,[http/1.1]}{0.0.0.0:9185} 
INFO   [11:24:14.929] [main] o.e.j.s.SetUIDListener -  Opened admin@4ffa7041{HTTP/1.1,[http/1.1]}{0.0.0.0:9186} 
INFO   [11:24:14.934] [main] o.e.j.s.Server -  jetty-9.3.z-SNAPSHOT 
INFO   [11:24:15.744] [main] i.d.j.DropwizardResourceConfig -  The following paths were found for the configured resources:

    GET     /v1/health (com.pers.smartproxy.HealthCheckResource)
 
INFO   [11:24:15.747] [main] o.e.j.s.h.ContextHandler -  Started i.d.j.MutableServletContextHandler@38394dc3{/,null,AVAILABLE} 
INFO   [11:24:15.757] [main] i.d.s.AdminEnvironment -  tasks = 

    POST    /tasks/log-level (io.dropwizard.servlets.tasks.LogConfigurationTask)
    POST    /tasks/gc (io.dropwizard.servlets.tasks.GarbageCollectionTask)
 
INFO   [11:24:15.769] [main] o.e.j.s.h.ContextHandler -  Started i.d.j.MutableServletContextHandler@84a9f65{/,null,AVAILABLE} 
INFO   [11:24:15.780] [main] o.e.j.s.AbstractConnector -  Started application@72a3462f{HTTP/1.1,[http/1.1]}{0.0.0.0:9185} 
INFO   [11:24:15.786] [main] o.e.j.s.AbstractConnector -  Started admin@4ffa7041{HTTP/1.1,[http/1.1]}{0.0.0.0:9186} 
INFO   [11:24:15.787] [main] o.e.j.s.Server -  Started @13592ms 
INFO   [11:26:41.438] [Thread-14] o.e.j.s.AbstractConnector -  Stopped application@72a3462f{HTTP/1.1,[http/1.1]}{0.0.0.0:9185} 
INFO   [11:26:41.446] [Thread-14] o.e.j.s.AbstractConnector -  Stopped admin@4ffa7041{HTTP/1.1,[http/1.1]}{0.0.0.0:9186} 
INFO   [11:26:41.452] [Thread-14] o.e.j.s.h.ContextHandler -  Stopped i.d.j.MutableServletContextHandler@84a9f65{/,null,UNAVAILABLE} 
INFO   [11:26:41.480] [Thread-14] o.e.j.s.h.ContextHandler -  Stopped i.d.j.MutableServletContextHandler@38394dc3{/,null,UNAVAILABLE} 
INFO   [11:28:04.274] [main] o.e.j.u.log -  Logging initialized @1699ms 
INFO   [11:28:04.349] [main] i.d.s.DefaultServerFactory -  Registering jersey handler with root path prefix: / 
INFO   [11:28:04.349] [main] i.d.s.DefaultServerFactory -  Registering admin handler with root path prefix: / 
WARN   [11:28:09.105] [main] o.a.d.s.c.DefaultDirectoryService -  ApacheDS shutdown hook has NOT been registered with the runtime.  This default setting for standalone operation has been overriden. 
WARN   [11:28:11.952] [main] o.a.d.s.c.DefaultDirectoryService -  You didn't change the admin password of directory service instance 'SMARTPROXY201'.  Please update the admin password as soon as possible to prevent a possible security breach. 
INFO   [11:28:12.246] [main] c.p.s.c.EmbeddedConnector -  embedded connection pool created successfully 
INFO   [11:28:13.667] [main] c.p.s.c.BaseProxyConnector -  endpoint connectionpool to server : localhost at port 12389 created successfully 
INFO   [11:28:13.680] [main] c.p.s.c.BaseProxyConnector -  endpoint connectionpool to server : 192.168.99.100 at port 389 created successfully 
INFO   [11:28:13.727] [main] c.p.s.BootupApp -  hostname: localhost 
INFO   [11:28:13.727] [main] c.p.s.BootupApp -  PORT Id: 10389 
INFO   [11:28:13.728] [main] c.p.s.BootupApp -  started ApacheDS on port: 10389 
INFO   [11:28:13.728] [main] c.p.s.BootupApp -  system fully started now.... 
INFO   [11:28:13.728] [main] i.d.s.DefaultServerFactory -  Registering jersey handler with root path prefix: / 
INFO   [11:28:13.728] [main] i.d.s.DefaultServerFactory -  Registering admin handler with root path prefix: / 
INFO   [11:28:13.733] [main] i.d.s.ServerFactory -  Starting dropwizard-hibernate 
INFO   [11:28:13.870] [main] o.e.j.s.SetUIDListener -  Opened application@8af1c49{HTTP/1.1,[http/1.1]}{0.0.0.0:9185} 
INFO   [11:28:13.871] [main] o.e.j.s.SetUIDListener -  Opened admin@70d5d96b{HTTP/1.1,[http/1.1]}{0.0.0.0:9186} 
INFO   [11:28:13.874] [main] o.e.j.s.Server -  jetty-9.3.z-SNAPSHOT 
INFO   [11:28:14.690] [main] i.d.j.DropwizardResourceConfig -  The following paths were found for the configured resources:

    GET     /v1/health (com.pers.smartproxy.HealthCheckResource)
 
INFO   [11:28:14.693] [main] o.e.j.s.h.ContextHandler -  Started i.d.j.MutableServletContextHandler@b5ff70b{/,null,AVAILABLE} 
INFO   [11:28:14.700] [main] i.d.s.AdminEnvironment -  tasks = 

    POST    /tasks/log-level (io.dropwizard.servlets.tasks.LogConfigurationTask)
    POST    /tasks/gc (io.dropwizard.servlets.tasks.GarbageCollectionTask)
 
INFO   [11:28:14.708] [main] o.e.j.s.h.ContextHandler -  Started i.d.j.MutableServletContextHandler@5a9051fd{/,null,AVAILABLE} 
INFO   [11:28:14.719] [main] o.e.j.s.AbstractConnector -  Started application@8af1c49{HTTP/1.1,[http/1.1]}{0.0.0.0:9185} 
INFO   [11:28:14.725] [main] o.e.j.s.AbstractConnector -  Started admin@70d5d96b{HTTP/1.1,[http/1.1]}{0.0.0.0:9186} 
INFO   [11:28:14.726] [main] o.e.j.s.Server -  Started @12152ms 
WARN   [11:29:00.816] [NioProcessor-36] o.a.m.u.DefaultExceptionMonitor -  Unexpected exception. 
java.nio.channels.ClosedSelectorException: null
	at sun.nio.ch.SelectorImpl.lockAndDoSelect(Unknown Source)
	at sun.nio.ch.SelectorImpl.select(Unknown Source)
	at org.apache.mina.transport.socket.nio.NioProcessor.select(NioProcessor.java:98)
	at org.apache.mina.core.polling.AbstractPollingIoProcessor$Processor.run(AbstractPollingIoProcessor.java:1059)
	at org.apache.mina.util.NamePreservingRunnable.run(NamePreservingRunnable.java:64)
	at java.util.concurrent.ThreadPoolExecutor.runWorker(Unknown Source)
	at java.util.concurrent.ThreadPoolExecutor$Worker.run(Unknown Source)
	at java.lang.Thread.run(Unknown Source)
WARN   [11:31:18.831] [NioProcessor-2] o.a.d.s.l.LdapProtocolHandler -  Unexpected exception forcing session to close: sending disconnect notice to client. 
java.io.IOException: An existing connection was forcibly closed by the remote host
	at sun.nio.ch.SocketDispatcher.read0(Native Method)
	at sun.nio.ch.SocketDispatcher.read(Unknown Source)
	at sun.nio.ch.IOUtil.readIntoNativeBuffer(Unknown Source)
	at sun.nio.ch.IOUtil.read(Unknown Source)
	at sun.nio.ch.SocketChannelImpl.read(Unknown Source)
	at org.apache.mina.transport.socket.nio.NioProcessor.read(NioProcessor.java:312)
	at org.apache.mina.transport.socket.nio.NioProcessor.read(NioProcessor.java:45)
	at org.apache.mina.core.polling.AbstractPollingIoProcessor.read(AbstractPollingIoProcessor.java:677)
	at org.apache.mina.core.polling.AbstractPollingIoProcessor.process(AbstractPollingIoProcessor.java:651)
	at org.apache.mina.core.polling.AbstractPollingIoProcessor.process(AbstractPollingIoProcessor.java:640)
	at org.apache.mina.core.polling.AbstractPollingIoProcessor.access$600(AbstractPollingIoProcessor.java:68)
	at org.apache.mina.core.polling.AbstractPollingIoProcessor$Processor.run(AbstractPollingIoProcessor.java:1097)
	at org.apache.mina.util.NamePreservingRunnable.run(NamePreservingRunnable.java:64)
	at java.util.concurrent.ThreadPoolExecutor.runWorker(Unknown Source)
	at java.util.concurrent.ThreadPoolExecutor$Worker.run(Unknown Source)
	at java.lang.Thread.run(Unknown Source)
WARN   [11:31:18.831] [NioProcessor-1] o.a.d.s.l.LdapProtocolHandler -  Unexpected exception forcing session to close: sending disconnect notice to client. 
java.io.IOException: An existing connection was forcibly closed by the remote host
	at sun.nio.ch.SocketDispatcher.read0(Native Method)
	at sun.nio.ch.SocketDispatcher.read(Unknown Source)
	at sun.nio.ch.IOUtil.readIntoNativeBuffer(Unknown Source)
	at sun.nio.ch.IOUtil.read(Unknown Source)
	at sun.nio.ch.SocketChannelImpl.read(Unknown Source)
	at org.apache.mina.transport.socket.nio.NioProcessor.read(NioProcessor.java:312)
	at org.apache.mina.transport.socket.nio.NioProcessor.read(NioProcessor.java:45)
	at org.apache.mina.core.polling.AbstractPollingIoProcessor.read(AbstractPollingIoProcessor.java:677)
	at org.apache.mina.core.polling.AbstractPollingIoProcessor.process(AbstractPollingIoProcessor.java:651)
	at org.apache.mina.core.polling.AbstractPollingIoProcessor.process(AbstractPollingIoProcessor.java:640)
	at org.apache.mina.core.polling.AbstractPollingIoProcessor.access$600(AbstractPollingIoProcessor.java:68)
	at org.apache.mina.core.polling.AbstractPollingIoProcessor$Processor.run(AbstractPollingIoProcessor.java:1097)
	at org.apache.mina.util.NamePreservingRunnable.run(NamePreservingRunnable.java:64)
	at java.util.concurrent.ThreadPoolExecutor.runWorker(Unknown Source)
	at java.util.concurrent.ThreadPoolExecutor$Worker.run(Unknown Source)
	at java.lang.Thread.run(Unknown Source)
INFO   [11:31:54.413] [Thread-14] o.e.j.s.AbstractConnector -  Stopped application@8af1c49{HTTP/1.1,[http/1.1]}{0.0.0.0:9185} 
INFO   [11:31:54.422] [Thread-14] o.e.j.s.AbstractConnector -  Stopped admin@70d5d96b{HTTP/1.1,[http/1.1]}{0.0.0.0:9186} 
INFO   [11:31:54.424] [Thread-14] o.e.j.s.h.ContextHandler -  Stopped i.d.j.MutableServletContextHandler@5a9051fd{/,null,UNAVAILABLE} 
INFO   [11:31:54.447] [Thread-14] o.e.j.s.h.ContextHandler -  Stopped i.d.j.MutableServletContextHandler@b5ff70b{/,null,UNAVAILABLE} 
INFO   [11:32:29.515] [main] o.e.j.u.log -  Logging initialized @1761ms 
INFO   [11:32:29.594] [main] i.d.s.DefaultServerFactory -  Registering jersey handler with root path prefix: / 
INFO   [11:32:29.595] [main] i.d.s.DefaultServerFactory -  Registering admin handler with root path prefix: / 
WARN   [11:32:32.566] [main] o.a.d.s.c.DefaultDirectoryService -  ApacheDS shutdown hook has NOT been registered with the runtime.  This default setting for standalone operation has been overriden. 
WARN   [11:32:35.478] [main] o.a.d.s.c.DefaultDirectoryService -  You didn't change the admin password of directory service instance 'SMARTPROXY431'.  Please update the admin password as soon as possible to prevent a possible security breach. 
INFO   [11:32:35.842] [main] c.p.s.c.EmbeddedConnector -  embedded connection pool created successfully 
INFO   [11:32:37.579] [main] c.p.s.c.BaseProxyConnector -  endpoint connectionpool to server : localhost at port 12389 created successfully 
INFO   [11:32:37.596] [main] c.p.s.c.BaseProxyConnector -  endpoint connectionpool to server : 192.168.99.100 at port 389 created successfully 
INFO   [11:32:37.851] [main] c.p.s.BootupApp -  hostname: localhost 
INFO   [11:32:37.851] [main] c.p.s.BootupApp -  PORT Id: 10389 
INFO   [11:32:37.851] [main] c.p.s.BootupApp -  started ApacheDS on port: 10389 
INFO   [11:32:37.851] [main] c.p.s.BootupApp -  system fully started now.... 
INFO   [11:32:37.852] [main] i.d.s.DefaultServerFactory -  Registering jersey handler with root path prefix: / 
INFO   [11:32:37.852] [main] i.d.s.DefaultServerFactory -  Registering admin handler with root path prefix: / 
INFO   [11:32:37.855] [main] i.d.s.ServerFactory -  Starting dropwizard-hibernate 
INFO   [11:32:37.999] [main] o.e.j.s.SetUIDListener -  Opened application@7d3c22a5{HTTP/1.1,[http/1.1]}{0.0.0.0:9185} 
INFO   [11:32:37.999] [main] o.e.j.s.SetUIDListener -  Opened admin@369ad7da{HTTP/1.1,[http/1.1]}{0.0.0.0:9186} 
INFO   [11:32:38.002] [main] o.e.j.s.Server -  jetty-9.3.z-SNAPSHOT 
INFO   [11:32:38.815] [main] i.d.j.DropwizardResourceConfig -  The following paths were found for the configured resources:

    GET     /v1/health (com.pers.smartproxy.HealthCheckResource)
 
INFO   [11:32:38.820] [main] o.e.j.s.h.ContextHandler -  Started i.d.j.MutableServletContextHandler@75de7009{/,null,AVAILABLE} 
INFO   [11:32:38.826] [main] i.d.s.AdminEnvironment -  tasks = 

    POST    /tasks/log-level (io.dropwizard.servlets.tasks.LogConfigurationTask)
    POST    /tasks/gc (io.dropwizard.servlets.tasks.GarbageCollectionTask)
 
INFO   [11:32:38.832] [main] o.e.j.s.h.ContextHandler -  Started i.d.j.MutableServletContextHandler@784212{/,null,AVAILABLE} 
INFO   [11:32:38.842] [main] o.e.j.s.AbstractConnector -  Started application@7d3c22a5{HTTP/1.1,[http/1.1]}{0.0.0.0:9185} 
INFO   [11:32:38.849] [main] o.e.j.s.AbstractConnector -  Started admin@369ad7da{HTTP/1.1,[http/1.1]}{0.0.0.0:9186} 
INFO   [11:32:38.849] [main] o.e.j.s.Server -  Started @11096ms 
INFO   [11:36:38.523] [Thread-14] o.e.j.s.AbstractConnector -  Stopped application@7d3c22a5{HTTP/1.1,[http/1.1]}{0.0.0.0:9185} 
INFO   [11:36:38.531] [Thread-14] o.e.j.s.AbstractConnector -  Stopped admin@369ad7da{HTTP/1.1,[http/1.1]}{0.0.0.0:9186} 
INFO   [11:36:38.535] [Thread-14] o.e.j.s.h.ContextHandler -  Stopped i.d.j.MutableServletContextHandler@784212{/,null,UNAVAILABLE} 
INFO   [11:36:38.572] [Thread-14] o.e.j.s.h.ContextHandler -  Stopped i.d.j.MutableServletContextHandler@75de7009{/,null,UNAVAILABLE} 
INFO   [11:37:12.210] [main] o.e.j.u.log -  Logging initialized @1688ms 
INFO   [11:37:12.303] [main] i.d.s.DefaultServerFactory -  Registering jersey handler with root path prefix: / 
INFO   [11:37:12.304] [main] i.d.s.DefaultServerFactory -  Registering admin handler with root path prefix: / 
WARN   [11:37:16.811] [main] o.a.d.s.c.DefaultDirectoryService -  ApacheDS shutdown hook has NOT been registered with the runtime.  This default setting for standalone operation has been overriden. 
WARN   [11:37:19.730] [main] o.a.d.s.c.DefaultDirectoryService -  You didn't change the admin password of directory service instance 'SMARTPROXY341'.  Please update the admin password as soon as possible to prevent a possible security breach. 
INFO   [11:37:20.034] [main] c.p.s.c.EmbeddedConnector -  embedded connection pool created successfully 
INFO   [11:37:21.384] [main] c.p.s.c.BaseProxyConnector -  endpoint connectionpool to server : localhost at port 12389 created successfully 
INFO   [11:37:21.398] [main] c.p.s.c.BaseProxyConnector -  endpoint connectionpool to server : 192.168.99.100 at port 389 created successfully 
INFO   [11:37:21.673] [main] c.p.s.BootupApp -  hostname: localhost 
INFO   [11:37:21.673] [main] c.p.s.BootupApp -  PORT Id: 10389 
INFO   [11:37:21.673] [main] c.p.s.BootupApp -  started ApacheDS on port: 10389 
INFO   [11:37:21.673] [main] c.p.s.BootupApp -  system fully started now.... 
INFO   [11:37:21.673] [main] i.d.s.DefaultServerFactory -  Registering jersey handler with root path prefix: / 
INFO   [11:37:21.673] [main] i.d.s.DefaultServerFactory -  Registering admin handler with root path prefix: / 
INFO   [11:37:21.676] [main] i.d.s.ServerFactory -  Starting dropwizard-hibernate 
INFO   [11:37:21.828] [main] o.e.j.s.SetUIDListener -  Opened application@7ff09659{HTTP/1.1,[http/1.1]}{0.0.0.0:9185} 
INFO   [11:37:21.829] [main] o.e.j.s.SetUIDListener -  Opened admin@517fbf62{HTTP/1.1,[http/1.1]}{0.0.0.0:9186} 
INFO   [11:37:21.832] [main] o.e.j.s.Server -  jetty-9.3.z-SNAPSHOT 
INFO   [11:37:22.634] [main] i.d.j.DropwizardResourceConfig -  The following paths were found for the configured resources:

    GET     /v1/health (com.pers.smartproxy.HealthCheckResource)
 
INFO   [11:37:22.638] [main] o.e.j.s.h.ContextHandler -  Started i.d.j.MutableServletContextHandler@1ce6a9bd{/,null,AVAILABLE} 
INFO   [11:37:22.644] [main] i.d.s.AdminEnvironment -  tasks = 

    POST    /tasks/log-level (io.dropwizard.servlets.tasks.LogConfigurationTask)
    POST    /tasks/gc (io.dropwizard.servlets.tasks.GarbageCollectionTask)
 
INFO   [11:37:22.652] [main] o.e.j.s.h.ContextHandler -  Started i.d.j.MutableServletContextHandler@1aaaabd1{/,null,AVAILABLE} 
INFO   [11:37:22.661] [main] o.e.j.s.AbstractConnector -  Started application@7ff09659{HTTP/1.1,[http/1.1]}{0.0.0.0:9185} 
INFO   [11:37:22.668] [main] o.e.j.s.AbstractConnector -  Started admin@517fbf62{HTTP/1.1,[http/1.1]}{0.0.0.0:9186} 
INFO   [11:37:22.668] [main] o.e.j.s.Server -  Started @12148ms 
INFO   [11:43:55.071] [Thread-14] o.e.j.s.AbstractConnector -  Stopped application@7ff09659{HTTP/1.1,[http/1.1]}{0.0.0.0:9185} 
INFO   [11:43:55.078] [Thread-14] o.e.j.s.AbstractConnector -  Stopped admin@517fbf62{HTTP/1.1,[http/1.1]}{0.0.0.0:9186} 
INFO   [11:43:55.081] [Thread-14] o.e.j.s.h.ContextHandler -  Stopped i.d.j.MutableServletContextHandler@1aaaabd1{/,null,UNAVAILABLE} 
INFO   [11:43:55.111] [Thread-14] o.e.j.s.h.ContextHandler -  Stopped i.d.j.MutableServletContextHandler@1ce6a9bd{/,null,UNAVAILABLE} 
INFO   [14:05:34.368] [main] o.e.j.u.log -  Logging initialized @1913ms 
INFO   [14:05:34.481] [main] i.d.s.DefaultServerFactory -  Registering jersey handler with root path prefix: / 
INFO   [14:05:34.481] [main] i.d.s.DefaultServerFactory -  Registering admin handler with root path prefix: / 
WARN   [14:05:39.454] [main] o.a.d.s.c.DefaultDirectoryService -  ApacheDS shutdown hook has NOT been registered with the runtime.  This default setting for standalone operation has been overriden. 
WARN   [14:05:42.639] [main] o.a.d.s.c.DefaultDirectoryService -  You didn't change the admin password of directory service instance 'SMARTPROXY441'.  Please update the admin password as soon as possible to prevent a possible security breach. 
INFO   [14:05:43.010] [main] c.p.s.c.EmbeddedConnector -  embedded connection pool created successfully 
INFO   [14:05:44.500] [main] c.p.s.c.BaseProxyConnector -  endpoint connectionpool to server : localhost at port 12389 created successfully 
INFO   [14:05:44.532] [main] c.p.s.c.BaseProxyConnector -  endpoint connectionpool to server : 192.168.99.100 at port 389 created successfully 
INFO   [14:05:44.587] [main] c.p.s.BootupApp -  hostname: localhost 
INFO   [14:05:44.587] [main] c.p.s.BootupApp -  PORT Id: 10389 
INFO   [14:05:44.587] [main] c.p.s.BootupApp -  started ApacheDS on port: 10389 
INFO   [14:05:44.587] [main] c.p.s.BootupApp -  system fully started now.... 
INFO   [14:05:44.587] [main] i.d.s.DefaultServerFactory -  Registering jersey handler with root path prefix: / 
INFO   [14:05:44.587] [main] i.d.s.DefaultServerFactory -  Registering admin handler with root path prefix: / 
INFO   [14:05:44.590] [main] i.d.s.ServerFactory -  Starting dropwizard-hibernate 
INFO   [14:05:44.735] [main] o.e.j.s.SetUIDListener -  Opened application@1224e1b6{HTTP/1.1,[http/1.1]}{0.0.0.0:9185} 
INFO   [14:05:44.735] [main] o.e.j.s.SetUIDListener -  Opened admin@72a3462f{HTTP/1.1,[http/1.1]}{0.0.0.0:9186} 
INFO   [14:05:44.738] [main] o.e.j.s.Server -  jetty-9.3.z-SNAPSHOT 
INFO   [14:05:45.650] [main] i.d.j.DropwizardResourceConfig -  The following paths were found for the configured resources:

    GET     /v1/health (com.pers.smartproxy.HealthCheckResource)
 
INFO   [14:05:45.654] [main] o.e.j.s.h.ContextHandler -  Started i.d.j.MutableServletContextHandler@464d5365{/,null,AVAILABLE} 
INFO   [14:05:45.662] [main] i.d.s.AdminEnvironment -  tasks = 

    POST    /tasks/log-level (io.dropwizard.servlets.tasks.LogConfigurationTask)
    POST    /tasks/gc (io.dropwizard.servlets.tasks.GarbageCollectionTask)
 
INFO   [14:05:45.668] [main] o.e.j.s.h.ContextHandler -  Started i.d.j.MutableServletContextHandler@3a12f3e7{/,null,AVAILABLE} 
INFO   [14:05:45.682] [main] o.e.j.s.AbstractConnector -  Started application@1224e1b6{HTTP/1.1,[http/1.1]}{0.0.0.0:9185} 
INFO   [14:05:45.689] [main] o.e.j.s.AbstractConnector -  Started admin@72a3462f{HTTP/1.1,[http/1.1]}{0.0.0.0:9186} 
INFO   [14:05:45.689] [main] o.e.j.s.Server -  Started @13236ms 
INFO   [14:06:26.049] [Thread-14] o.e.j.s.AbstractConnector -  Stopped application@1224e1b6{HTTP/1.1,[http/1.1]}{0.0.0.0:9185} 
INFO   [14:06:26.057] [Thread-14] o.e.j.s.AbstractConnector -  Stopped admin@72a3462f{HTTP/1.1,[http/1.1]}{0.0.0.0:9186} 
INFO   [14:06:26.062] [Thread-14] o.e.j.s.h.ContextHandler -  Stopped i.d.j.MutableServletContextHandler@3a12f3e7{/,null,UNAVAILABLE} 
INFO   [14:06:26.092] [Thread-14] o.e.j.s.h.ContextHandler -  Stopped i.d.j.MutableServletContextHandler@464d5365{/,null,UNAVAILABLE} 
INFO   [18:12:03.818] [main] o.e.j.u.log -  Logging initialized @1682ms 
INFO   [18:12:03.918] [main] i.d.s.DefaultServerFactory -  Registering jersey handler with root path prefix: / 
INFO   [18:12:03.918] [main] i.d.s.DefaultServerFactory -  Registering admin handler with root path prefix: / 
WARN   [18:12:08.720] [main] o.a.d.s.c.DefaultDirectoryService -  ApacheDS shutdown hook has NOT been registered with the runtime.  This default setting for standalone operation has been overriden. 
WARN   [18:12:11.821] [main] o.a.d.s.c.DefaultDirectoryService -  You didn't change the admin password of directory service instance 'SMARTPROXY331'.  Please update the admin password as soon as possible to prevent a possible security breach. 
INFO   [18:12:12.093] [main] c.p.s.c.EmbeddedConnector -  embedded connection pool created successfully 
INFO   [18:12:13.424] [main] c.p.s.s.DSEngine -  expection: org.apache.directory.api.ldap.model.exception.LdapOtherException: URI is not absolute 
INFO   [18:12:13.424] [main] c.p.s.s.DSEngine -  expection: org.apache.directory.api.ldap.model.exception.LdapOtherException: URI is not absolute 
INFO   [18:12:41.955] [main] o.e.j.u.log -  Logging initialized @1678ms 
INFO   [18:12:42.033] [main] i.d.s.DefaultServerFactory -  Registering jersey handler with root path prefix: / 
INFO   [18:12:42.033] [main] i.d.s.DefaultServerFactory -  Registering admin handler with root path prefix: / 
WARN   [18:12:46.571] [main] o.a.d.s.c.DefaultDirectoryService -  ApacheDS shutdown hook has NOT been registered with the runtime.  This default setting for standalone operation has been overriden. 
WARN   [18:12:49.389] [main] o.a.d.s.c.DefaultDirectoryService -  You didn't change the admin password of directory service instance 'SMARTPROXY131'.  Please update the admin password as soon as possible to prevent a possible security breach. 
INFO   [18:12:49.715] [main] c.p.s.c.EmbeddedConnector -  embedded connection pool created successfully 
INFO   [18:12:51.231] [main] c.p.s.c.BaseProxyConnector -  endpoint connectionpool to server : localhost at port 12389 created successfully 
INFO   [18:12:51.245] [main] c.p.s.c.BaseProxyConnector -  endpoint connectionpool to server : 192.168.99.100 at port 389 created successfully 
INFO   [18:12:51.279] [main] c.p.s.BootupApp -  hostname: localhost 
INFO   [18:12:51.279] [main] c.p.s.BootupApp -  PORT Id: 10389 
INFO   [18:12:51.279] [main] c.p.s.BootupApp -  started ApacheDS on port: 10389 
INFO   [18:12:51.279] [main] c.p.s.BootupApp -  system fully started now.... 
INFO   [18:12:51.279] [main] i.d.s.DefaultServerFactory -  Registering jersey handler with root path prefix: / 
INFO   [18:12:51.279] [main] i.d.s.DefaultServerFactory -  Registering admin handler with root path prefix: / 
INFO   [18:12:51.282] [main] i.d.s.ServerFactory -  Starting dropwizard-hibernate 
INFO   [18:12:51.416] [main] o.e.j.s.SetUIDListener -  Opened application@39a3984c{HTTP/1.1,[http/1.1]}{0.0.0.0:9185} 
INFO   [18:12:51.419] [main] o.e.j.s.SetUIDListener -  Opened admin@4404a6b{HTTP/1.1,[http/1.1]}{0.0.0.0:9186} 
INFO   [18:12:51.422] [main] o.e.j.s.Server -  jetty-9.3.z-SNAPSHOT 
INFO   [18:12:52.320] [main] i.d.j.DropwizardResourceConfig -  The following paths were found for the configured resources:

    GET     /v1/health (com.pers.smartproxy.HealthCheckResource)
 
INFO   [18:12:52.326] [main] o.e.j.s.h.ContextHandler -  Started i.d.j.MutableServletContextHandler@649009d6{/,null,AVAILABLE} 
INFO   [18:12:52.333] [main] i.d.s.AdminEnvironment -  tasks = 

    POST    /tasks/log-level (io.dropwizard.servlets.tasks.LogConfigurationTask)
    POST    /tasks/gc (io.dropwizard.servlets.tasks.GarbageCollectionTask)
 
INFO   [18:12:52.340] [main] o.e.j.s.h.ContextHandler -  Started i.d.j.MutableServletContextHandler@4f7ef948{/,null,AVAILABLE} 
INFO   [18:12:52.350] [main] o.e.j.s.AbstractConnector -  Started application@39a3984c{HTTP/1.1,[http/1.1]}{0.0.0.0:9185} 
INFO   [18:12:52.356] [main] o.e.j.s.AbstractConnector -  Started admin@4404a6b{HTTP/1.1,[http/1.1]}{0.0.0.0:9186} 
INFO   [18:12:52.356] [main] o.e.j.s.Server -  Started @12080ms 
INFO   [18:19:50.148] [Thread-14] o.e.j.s.AbstractConnector -  Stopped application@39a3984c{HTTP/1.1,[http/1.1]}{0.0.0.0:9185} 
INFO   [18:19:50.159] [Thread-14] o.e.j.s.AbstractConnector -  Stopped admin@4404a6b{HTTP/1.1,[http/1.1]}{0.0.0.0:9186} 
INFO   [18:19:50.165] [Thread-14] o.e.j.s.h.ContextHandler -  Stopped i.d.j.MutableServletContextHandler@4f7ef948{/,null,UNAVAILABLE} 
INFO   [18:19:50.193] [Thread-14] o.e.j.s.h.ContextHandler -  Stopped i.d.j.MutableServletContextHandler@649009d6{/,null,UNAVAILABLE} 
